<?xml version="1.0" encoding="UTF-8"?>
<!-- Generated by org.testng.reporters.JUnitXMLReporter -->
<testsuite ignored="0" hostname="DESKTOP-VCT8FJU" failures="1" tests="2" name="AlmosaferAPITest2" time="0.337" errors="0" timestamp="2024-01-14T23:28:39 EET">
  <testcase classname="AlmosaferAPITest" name="testApiWithToken" time="0.0">
    <failure type="org.testng.TestNGException" message="
Parameter &amp;apos;cityId&amp;apos; is required by @Test on method testApiWithToken but has not been marked @Optional or defined
in C:\Users\NTC\eclipse-workspace\MyApiAutomation\testng.xml">
      <![CDATA[org.testng.TestNGException: 
Parameter 'cityId' is required by @Test on method testApiWithToken but has not been marked @Optional or defined
in C:\Users\NTC\eclipse-workspace\MyApiAutomation\testng.xml
at java.base/java.util.ArrayList.forEach(ArrayList.java:1511)
... Removed 26 stack frames]]>
    </failure>
  </testcase> <!-- testApiWithToken -->
  <testcase classname="AlmosaferAPITest" name="testApiWithToken2" time="0.33"/>
</testsuite> <!-- AlmosaferAPITest2 -->
