<?xml version="1.0" encoding="UTF-8"?>
<testng-results ignored="0" total="2" passed="2" failed="0" skipped="0">
  <reporter-output>
  </reporter-output>
  <suite started-at="2024-01-15T19:48:16 EET" name="AlmosaferAPITest" finished-at="2024-01-15T19:48:20 EET" duration-ms="4261">
    <groups>
    </groups>
    <test started-at="2024-01-15T19:48:16 EET" name="AlmosaferAPITest" finished-at="2024-01-15T19:48:19 EET" duration-ms="3161">
      <class name="AlmosaferAPIPOST">
        <test-method signature="testApiWithToken(java.lang.String,java.lang.String,java.lang.String,java.lang.String,java.lang.String,java.lang.String)[pri:0, instance:AlmosaferAPIPOST@4f2b503c]" started-at="2024-01-15T19:48:16 EET" name="testApiWithToken" finished-at="2024-01-15T19:48:19 EET" duration-ms="3119" status="PASS">
          <params>
            <param index="0">
              <value>
                <![CDATA[https://www.almosafer.com]]>
              </value>
            </param>
            <param index="1">
              <value>
                <![CDATA[skdjfh73273$7268u2j89s]]>
              </value>
            </param>
            <param index="2">
              <value>
                <![CDATA[9]]>
              </value>
            </param>
            <param index="3">
              <value>
                <![CDATA[2024-02-12]]>
              </value>
            </param>
            <param index="4">
              <value>
                <![CDATA[2024-02-22]]>
              </value>
            </param>
            <param index="5">
              <value>
                <![CDATA[https://www.almosafer.com/api/accommodation/property/search]]>
              </value>
            </param>
          </params>
          <reporter-output>
          </reporter-output>
        </test-method> <!-- testApiWithToken -->
      </class> <!-- AlmosaferAPIPOST -->
    </test> <!-- AlmosaferAPITest -->
    <test started-at="2024-01-15T19:48:19 EET" name="TEST2" finished-at="2024-01-15T19:48:20 EET" duration-ms="1067">
      <class name="AlmosaferAPIGET">
        <test-method signature="testApiWithToken2(java.lang.String,java.lang.String,java.lang.String,java.lang.String,java.lang.String,java.lang.String,java.lang.String,java.lang.String,java.lang.String)[pri:0, instance:AlmosaferAPIGET@4686afc2]" started-at="2024-01-15T19:48:19 EET" name="testApiWithToken2" finished-at="2024-01-15T19:48:20 EET" duration-ms="1065" status="PASS">
          <params>
            <param index="0">
              <value>
                <![CDATA[https://www.almosafer.com]]>
              </value>
            </param>
            <param index="1">
              <value>
                <![CDATA[skdjfh73273$7268u2j89s]]>
              </value>
            </param>
            <param index="2">
              <value>
                <![CDATA[1]]>
              </value>
            </param>
            <param index="3">
              <value>
                <![CDATA[1]]>
              </value>
            </param>
            <param index="4">
              <value>
                <![CDATA[2024-02-15]]>
              </value>
            </param>
            <param index="5">
              <value>
                <![CDATA[2024-02-25]]>
              </value>
            </param>
            <param index="6">
              <value>
                <![CDATA[ChIJmd5kZkdvABURmU4mUQdbKI0]]>
              </value>
            </param>
            <param index="7">
              <value>
                <![CDATA[https://www.almosafer.com/api/enigma/search/async]]>
              </value>
            </param>
            <param index="8">
              <value>
                <![CDATA[https://www.almosafer.com/api/enigma/search/poll]]>
              </value>
            </param>
          </params>
          <reporter-output>
          </reporter-output>
        </test-method> <!-- testApiWithToken2 -->
      </class> <!-- AlmosaferAPIGET -->
    </test> <!-- TEST2 -->
  </suite> <!-- AlmosaferAPITest -->
</testng-results>
